Flutter crash report.
Please report a bug at https://github.com/flutter/flutter/issues.

## command

flutter --no-color run --machine --track-widget-creation --device-id=chrome --start-paused --dart-define=flutter.inspector.structuredErrors=true --devtools-server-address=http://127.0.0.1:9100 lib\main.dart

## exception

StateError: Bad state: No context with the running Dart application.

```
#0      RemoteDebuggerExecutionContext.id (package:dwds/src/debugging/execution_context.dart:47:7)
<asynchronous suspension>
#1      AppInspector._getExtensionRpcs (package:dwds/src/debugging/inspector.dart:486:20)
<asynchronous suspension>
#2      AppInspector._initialize (package:dwds/src/debugging/inspector.dart:93:34)
<asynchronous suspension>
#3      AppInspector.initialize (package:dwds/src/debugging/inspector.dart:156:5)
<asynchronous suspension>
#4      ChromeProxyService.createIsolate (package:dwds/src/services/chrome_proxy_service.dart:188:18)
<asynchronous suspension>
```

## flutter doctor

```
[✓] Flutter (Channel stable, 2.0.6, on Microsoft Windows [Version 10.0.19042.985], locale en-US)
    • Flutter version 2.0.6 at C:\Users\DELL\Downloads\Compressed\flutter
    • Framework revision 1d9032c7e1 (3 weeks ago), 2021-04-29 17:37:58 -0700
    • Engine revision 05e680e202
    • Dart version 2.12.3

[✗] Android toolchain - develop for Android devices
    ✗ Unable to locate Android SDK.
      Install Android Studio from: https://developer.android.com/studio/index.html
      On first launch it will assist you in installing the Android SDK components.
      (or visit https://flutter.dev/docs/get-started/install/windows#android-setup for detailed instructions).
      If the Android SDK has been installed to a custom location, please use
      `flutter config --android-sdk` to update to that location.


[✓] Chrome - develop for the web
    • Chrome at C:\Program Files\Google\Chrome\Application\chrome.exe

[✓] Android Studio (version 4.1.0)
    • Android Studio at C:\Program Files\Android\Android Studio
    • Flutter plugin can be installed from:
      🔨 https://plugins.jetbrains.com/plugin/9212-flutter
    • Dart plugin can be installed from:
      🔨 https://plugins.jetbrains.com/plugin/6351-dart
    • Java version OpenJDK Runtime Environment (build 1.8.0_242-release-1644-b01)

[✓] VS Code (version 1.56.2)
    • VS Code at C:\Users\DELL\AppData\Local\Programs\Microsoft VS Code
    • Flutter extension can be installed from:
      🔨 https://marketplace.visualstudio.com/items?itemName=Dart-Code.flutter

[✓] Connected device (2 available)
    • Chrome (web) • chrome • web-javascript • Google Chrome 90.0.4430.212
    • Edge (web)   • edge   • web-javascript • Microsoft Edge 90.0.818.62

! Doctor found issues in 1 category.
```
